# JRE version: Java(TM) SE Runtime Environment (8.0_65-b17) (build 1.8.0_65-b17)
# Java VM: Java HotSpot(TM) 64-Bit Server VM (25.65-b01 mixed mode linux-amd64 compressed oops)
Heap:
 PSYoungGen      total 36864K, used 11891K [0x00000000d6f80000, 0x00000000db280000, 0x0000000100000000)
  eden space 31744K, 35% used [0x00000000d6f80000,0x00000000d7a78680,0x00000000d8e80000)
  from space 5120K, 12% used [0x00000000d8e80000,0x00000000d8f24820,0x00000000d9380000)
  to   space 5120K, 0% used [0x00000000dad80000,0x00000000dad80000,0x00000000db280000)
 ParOldGen       total 44544K, used 5560K [0x0000000084e00000, 0x0000000087980000, 0x00000000d6f80000)
  object space 44544K, 12% used [0x0000000084e00000,0x000000008536e1c0,0x0000000087980000)
 Metaspace       used 21756K, capacity 22108K, committed 22400K, reserved 1069056K
  class space    used 2487K, capacity 2582K, committed 2688K, reserved 1048576K
GC Heap History (8 events):
Event: 4,056 GC heap before
{Heap before GC invocations=1 (full 0):
 PSYoungGen      total 36864K, used 31744K [0x00000000d6f80000, 0x00000000d9880000, 0x0000000100000000)
  eden space 31744K, 100% used [0x00000000d6f80000,0x00000000d8e80000,0x00000000d8e80000)
  from space 5120K, 0% used [0x00000000d9380000,0x00000000d9380000,0x00000000d9880000)
  to   space 5120K, 0% used [0x00000000d8e80000,0x00000000d8e80000,0x00000000d9380000)
 ParOldGen       total 84992K, used 0K [0x0000000084e00000, 0x000000008a100000, 0x00000000d6f80000)
  object space 84992K, 0% used [0x0000000084e00000,0x0000000084e00000,0x000000008a100000)
 Metaspace       used 19975K, capacity 20266K, committed 20608K, reserved 1067008K
  class space    used 2282K, capacity 2369K, committed 2432K, reserved 1048576K
Event: 4,078 GC heap after
Heap after GC invocations=1 (full 0):
 PSYoungGen      total 36864K, used 5106K [0x00000000d6f80000, 0x00000000d9880000, 0x0000000100000000)
  eden space 31744K, 0% used [0x00000000d6f80000,0x00000000d6f80000,0x00000000d8e80000)
  from space 5120K, 99% used [0x00000000d8e80000,0x00000000d937ca90,0x00000000d9380000)
  to   space 5120K, 0% used [0x00000000d9380000,0x00000000d9380000,0x00000000d9880000)
 ParOldGen       total 84992K, used 2239K [0x0000000084e00000, 0x000000008a100000, 0x00000000d6f80000)
  object space 84992K, 2% used [0x0000000084e00000,0x000000008502fd80,0x000000008a100000)
 Metaspace       used 19975K, capacity 20266K, committed 20608K, reserved 1067008K
  class space    used 2282K, capacity 2369K, committed 2432K, reserved 1048576K
}
Event: 4,162 GC heap before
{Heap before GC invocations=2 (full 0):
 PSYoungGen      total 36864K, used 6230K [0x00000000d6f80000, 0x00000000d9880000, 0x0000000100000000)
  eden space 31744K, 3% used [0x00000000d6f80000,0x00000000d7098d98,0x00000000d8e80000)
  from space 5120K, 99% used [0x00000000d8e80000,0x00000000d937ca90,0x00000000d9380000)
  to   space 5120K, 0% used [0x00000000d9380000,0x00000000d9380000,0x00000000d9880000)
 ParOldGen       total 84992K, used 2239K [0x0000000084e00000, 0x000000008a100000, 0x00000000d6f80000)
  object space 84992K, 2% used [0x0000000084e00000,0x000000008502fd80,0x000000008a100000)
 Metaspace       used 20793K, capacity 21072K, committed 21248K, reserved 1069056K
  class space    used 2378K, capacity 2468K, committed 2560K, reserved 1048576K
Event: 4,174 GC heap after
Heap after GC invocations=2 (full 0):
 PSYoungGen      total 36864K, used 5106K [0x00000000d6f80000, 0x00000000db780000, 0x0000000100000000)
  eden space 31744K, 0% used [0x00000000d6f80000,0x00000000d6f80000,0x00000000d8e80000)
  from space 5120K, 99% used [0x00000000d9380000,0x00000000d987ca90,0x00000000d9880000)
  to   space 5120K, 0% used [0x00000000d8e80000,0x00000000d8e80000,0x00000000d9380000)
 ParOldGen       total 84992K, used 2263K [0x0000000084e00000, 0x000000008a100000, 0x00000000d6f80000)
  object space 84992K, 2% used [0x0000000084e00000,0x0000000085035d80,0x000000008a100000)
 Metaspace       used 20793K, capacity 21072K, committed 21248K, reserved 1069056K
  class space    used 2378K, capacity 2468K, committed 2560K, reserved 1048576K
}
Event: 4,174 GC heap before
{Heap before GC invocations=3 (full 1):
 PSYoungGen      total 36864K, used 5106K [0x00000000d6f80000, 0x00000000db780000, 0x0000000100000000)
  eden space 31744K, 0% used [0x00000000d6f80000,0x00000000d6f80000,0x00000000d8e80000)
  from space 5120K, 99% used [0x00000000d9380000,0x00000000d987ca90,0x00000000d9880000)
  to   space 5120K, 0% used [0x00000000d8e80000,0x00000000d8e80000,0x00000000d9380000)
 ParOldGen       total 84992K, used 2263K [0x0000000084e00000, 0x000000008a100000, 0x00000000d6f80000)
  object space 84992K, 2% used [0x0000000084e00000,0x0000000085035d80,0x000000008a100000)
 Metaspace       used 20793K, capacity 21072K, committed 21248K, reserved 1069056K
  class space    used 2378K, capacity 2468K, committed 2560K, reserved 1048576K
Event: 4,211 GC heap after
Heap after GC invocations=3 (full 1):
 PSYoungGen      total 36864K, used 0K [0x00000000d6f80000, 0x00000000db780000, 0x0000000100000000)
  eden space 31744K, 0% used [0x00000000d6f80000,0x00000000d6f80000,0x00000000d8e80000)
  from space 5120K, 0% used [0x00000000d9380000,0x00000000d9380000,0x00000000d9880000)
  to   space 5120K, 0% used [0x00000000d8e80000,0x00000000d8e80000,0x00000000d9380000)
 ParOldGen       total 44544K, used 5552K [0x0000000084e00000, 0x0000000087980000, 0x00000000d6f80000)
  object space 44544K, 12% used [0x0000000084e00000,0x000000008536c1c0,0x0000000087980000)
 Metaspace       used 20793K, capacity 21072K, committed 21248K, reserved 1069056K
  class space    used 2378K, capacity 2468K, committed 2560K, reserved 1048576K
}
Event: 4,628 GC heap before
{Heap before GC invocations=4 (full 1):
 PSYoungGen      total 36864K, used 31744K [0x00000000d6f80000, 0x00000000db780000, 0x0000000100000000)
  eden space 31744K, 100% used [0x00000000d6f80000,0x00000000d8e80000,0x00000000d8e80000)
  from space 5120K, 0% used [0x00000000d9380000,0x00000000d9380000,0x00000000d9880000)
  to   space 5120K, 0% used [0x00000000d8e80000,0x00000000d8e80000,0x00000000d9380000)
 ParOldGen       total 44544K, used 5552K [0x0000000084e00000, 0x0000000087980000, 0x00000000d6f80000)
  object space 44544K, 12% used [0x0000000084e00000,0x000000008536c1c0,0x0000000087980000)
 Metaspace       used 21702K, capacity 22044K, committed 22400K, reserved 1069056K
  class space    used 2482K, capacity 2582K, committed 2688K, reserved 1048576K
Event: 4,631 GC heap after
Heap after GC invocations=4 (full 1):
 PSYoungGen      total 36864K, used 658K [0x00000000d6f80000, 0x00000000db280000, 0x0000000100000000)
  eden space 31744K, 0% used [0x00000000d6f80000,0x00000000d6f80000,0x00000000d8e80000)
  from space 5120K, 12% used [0x00000000d8e80000,0x00000000d8f24820,0x00000000d9380000)
  to   space 5120K, 0% used [0x00000000dad80000,0x00000000dad80000,0x00000000db280000)
 ParOldGen       total 44544K, used 5560K [0x0000000084e00000, 0x0000000087980000, 0x00000000d6f80000)
  object space 44544K, 12% used [0x0000000084e00000,0x000000008536e1c0,0x0000000087980000)
 Metaspace       used 21702K, capacity 22044K, committed 22400K, reserved 1069056K
  class space    used 2482K, capacity 2582K, committed 2688K, reserved 1048576K
}

