# JRE version: Java(TM) SE Runtime Environment (8.0_65-b17) (build 1.8.0_65-b17)
# Java VM: Java HotSpot(TM) 64-Bit Server VM (25.65-b01 mixed mode linux-amd64 compressed oops)
Heap:
 PSYoungGen      total 36864K, used 24175K [0x00000000d6f80000, 0x00000000da280000, 0x0000000100000000)
  eden space 31744K, 74% used [0x00000000d6f80000,0x00000000d868bf08,0x00000000d8e80000)
  from space 5120K, 11% used [0x00000000d9380000,0x00000000d9410000,0x00000000d9880000)
  to   space 5120K, 0% used [0x00000000d8e80000,0x00000000d8e80000,0x00000000d9380000)
 ParOldGen       total 65024K, used 7008K [0x0000000084e00000, 0x0000000088d80000, 0x00000000d6f80000)
  object space 65024K, 10% used [0x0000000084e00000,0x00000000854d8378,0x0000000088d80000)
 Metaspace       used 22758K, capacity 23116K, committed 23424K, reserved 1071104K
  class space    used 2590K, capacity 2678K, committed 2688K, reserved 1048576K
GC Heap History (6 events):
Event: 3,360 GC heap before
{Heap before GC invocations=1 (full 0):
 PSYoungGen      total 36864K, used 30964K [0x00000000d6f80000, 0x00000000d9880000, 0x0000000100000000)
  eden space 31744K, 97% used [0x00000000d6f80000,0x00000000d8dbd2b8,0x00000000d8e80000)
  from space 5120K, 0% used [0x00000000d9380000,0x00000000d9380000,0x00000000d9880000)
  to   space 5120K, 0% used [0x00000000d8e80000,0x00000000d8e80000,0x00000000d9380000)
 ParOldGen       total 84992K, used 0K [0x0000000084e00000, 0x000000008a100000, 0x00000000d6f80000)
  object space 84992K, 0% used [0x0000000084e00000,0x0000000084e00000,0x000000008a100000)
 Metaspace       used 20736K, capacity 21016K, committed 21248K, reserved 1069056K
  class space    used 2369K, capacity 2468K, committed 2560K, reserved 1048576K
Event: 3,373 GC heap after
Heap after GC invocations=1 (full 0):
 PSYoungGen      total 36864K, used 5106K [0x00000000d6f80000, 0x00000000d9880000, 0x0000000100000000)
  eden space 31744K, 0% used [0x00000000d6f80000,0x00000000d6f80000,0x00000000d8e80000)
  from space 5120K, 99% used [0x00000000d8e80000,0x00000000d937ca90,0x00000000d9380000)
  to   space 5120K, 0% used [0x00000000d9380000,0x00000000d9380000,0x00000000d9880000)
 ParOldGen       total 84992K, used 2012K [0x0000000084e00000, 0x000000008a100000, 0x00000000d6f80000)
  object space 84992K, 2% used [0x0000000084e00000,0x0000000084ff7178,0x000000008a100000)
 Metaspace       used 20736K, capacity 21016K, committed 21248K, reserved 1069056K
  class space    used 2369K, capacity 2468K, committed 2560K, reserved 1048576K
}
Event: 3,373 GC heap before
{Heap before GC invocations=2 (full 1):
 PSYoungGen      total 36864K, used 5106K [0x00000000d6f80000, 0x00000000d9880000, 0x0000000100000000)
  eden space 31744K, 0% used [0x00000000d6f80000,0x00000000d6f80000,0x00000000d8e80000)
  from space 5120K, 99% used [0x00000000d8e80000,0x00000000d937ca90,0x00000000d9380000)
  to   space 5120K, 0% used [0x00000000d9380000,0x00000000d9380000,0x00000000d9880000)
 ParOldGen       total 84992K, used 2012K [0x0000000084e00000, 0x000000008a100000, 0x00000000d6f80000)
  object space 84992K, 2% used [0x0000000084e00000,0x0000000084ff7178,0x000000008a100000)
 Metaspace       used 20736K, capacity 21016K, committed 21248K, reserved 1069056K
  class space    used 2369K, capacity 2468K, committed 2560K, reserved 1048576K
Event: 3,411 GC heap after
Heap after GC invocations=2 (full 1):
 PSYoungGen      total 36864K, used 0K [0x00000000d6f80000, 0x00000000d9880000, 0x0000000100000000)
  eden space 31744K, 0% used [0x00000000d6f80000,0x00000000d6f80000,0x00000000d8e80000)
  from space 5120K, 0% used [0x00000000d8e80000,0x00000000d8e80000,0x00000000d9380000)
  to   space 5120K, 0% used [0x00000000d9380000,0x00000000d9380000,0x00000000d9880000)
 ParOldGen       total 65024K, used 7000K [0x0000000084e00000, 0x0000000088d80000, 0x00000000d6f80000)
  object space 65024K, 10% used [0x0000000084e00000,0x00000000854d6378,0x0000000088d80000)
 Metaspace       used 20736K, capacity 21016K, committed 21248K, reserved 1069056K
  class space    used 2369K, capacity 2468K, committed 2560K, reserved 1048576K
}
Event: 3,751 GC heap before
{Heap before GC invocations=3 (full 1):
 PSYoungGen      total 36864K, used 31744K [0x00000000d6f80000, 0x00000000d9880000, 0x0000000100000000)
  eden space 31744K, 100% used [0x00000000d6f80000,0x00000000d8e80000,0x00000000d8e80000)
  from space 5120K, 0% used [0x00000000d8e80000,0x00000000d8e80000,0x00000000d9380000)
  to   space 5120K, 0% used [0x00000000d9380000,0x00000000d9380000,0x00000000d9880000)
 ParOldGen       total 65024K, used 7000K [0x0000000084e00000, 0x0000000088d80000, 0x00000000d6f80000)
  object space 65024K, 10% used [0x0000000084e00000,0x00000000854d6378,0x0000000088d80000)
 Metaspace       used 21321K, capacity 21670K, committed 22016K, reserved 1069056K
  class space    used 2445K, capacity 2517K, committed 2560K, reserved 1048576K
Event: 3,754 GC heap after
Heap after GC invocations=3 (full 1):
 PSYoungGen      total 36864K, used 576K [0x00000000d6f80000, 0x00000000da280000, 0x0000000100000000)
  eden space 31744K, 0% used [0x00000000d6f80000,0x00000000d6f80000,0x00000000d8e80000)
  from space 5120K, 11% used [0x00000000d9380000,0x00000000d9410000,0x00000000d9880000)
  to   space 5120K, 0% used [0x00000000d8e80000,0x00000000d8e80000,0x00000000d9380000)
 ParOldGen       total 65024K, used 7008K [0x0000000084e00000, 0x0000000088d80000, 0x00000000d6f80000)
  object space 65024K, 10% used [0x0000000084e00000,0x00000000854d8378,0x0000000088d80000)
 Metaspace       used 21321K, capacity 21670K, committed 22016K, reserved 1069056K
  class space    used 2445K, capacity 2517K, committed 2560K, reserved 1048576K
}

